[2020-10-14 23:54:12,212] SEVERE {b7a.log.crash} - error("Error in SQL connector configuration: Failed to get driver instance for jdbcUrl=jdbc:mysql://localhost:3306/test Caused by :No suitable driver") 
org.ballerinalang.jvm.util.exceptions.BallerinaException: error("Error in SQL connector configuration: Failed to get driver instance for jdbcUrl=jdbc:mysql://localhost:3306/test Caused by :No suitable driver")
	at org.ballerinalang.test.runtime.entity.TesterinaFunction.runOnSchedule(TesterinaFunction.java:122)
	at org.ballerinalang.test.runtime.entity.TesterinaFunction.invoke(TesterinaFunction.java:56)
	at org.ballerinalang.test.runtime.BTestRunner.startSuite(BTestRunner.java:559)
	at org.ballerinalang.test.runtime.BTestRunner.execute(BTestRunner.java:287)
	at org.ballerinalang.test.runtime.BTestRunner.runTest(BTestRunner.java:106)
	at org.ballerinalang.test.runtime.util.TesterinaUtils.executeTests(TesterinaUtils.java:74)
	at org.ballerinalang.test.runtime.Main.startTestSuit(Main.java:60)
	at org.ballerinalang.test.runtime.Main.main(Main.java:52)
Caused by: error("Error in SQL connector configuration: Failed to get driver instance for jdbcUrl=jdbc:mysql://localhost:3306/test Caused by :No suitable driver")
	at org.ballerinalang.jvm.api.BErrorCreator.createDistinctError(BErrorCreator.java:156)
	at org.ballerinalang.jvm.api.BErrorCreator.createDistinctError(BErrorCreator.java:141)
	at org.ballerinalang.sql.utils.ErrorGenerator.getSQLApplicationError(ErrorGenerator.java:65)
	at org.ballerinalang.sql.datasource.SQLDatasource.buildDataSource(SQLDatasource.java:242)
	at org.ballerinalang.sql.datasource.SQLDatasource.<init>(SQLDatasource.java:55)
	at org.ballerinalang.sql.datasource.SQLDatasource.createAndInitDatasource(SQLDatasource.java:119)
	at org.ballerinalang.sql.datasource.SQLDatasource.lambda$retrieveDatasource$1(SQLDatasource.java:112)
	at java.util.concurrent.ConcurrentHashMap.computeIfAbsent(ConcurrentHashMap.java:1660)
	at org.ballerinalang.sql.datasource.SQLDatasource.retrieveDatasource(SQLDatasource.java:111)
	at org.ballerinalang.sql.utils.ClientUtils.createClient(ClientUtils.java:43)
	at org.ballerinalang.jdbc.NativeImpl.createClient(NativeImpl.java:75)
	at ballerina.java_jdbc.0_5_0.client.createClient(client.bal:147)
	at ballerina.java_jdbc.0_5_0.$value$Client.init(client.bal:44)
	at ballerina.java_jdbc.0_5_0.$value$Client.call(client.bal)
	at ballerina.java_jdbc.0_5_0.$value$Client.$init$(client.bal:22)
	at ballerina.java_jdbc.0_5_0.$value$Client.call(client.bal)
	at chuhaashanan.connector.0_1_0.$_init.$chuhaashanan_connector_0_1_0__init_(connector:3)
	at chuhaashanan.connector.0_1_0.$_init.$moduleInit(connector)
	at sun.reflect.NativeMethodAccessorImpl.invoke0(Native Method)
	at sun.reflect.NativeMethodAccessorImpl.invoke(NativeMethodAccessorImpl.java:62)
	at sun.reflect.DelegatingMethodAccessorImpl.invoke(DelegatingMethodAccessorImpl.java:43)
	at java.lang.reflect.Method.invoke(Method.java:498)
	at org.ballerinalang.test.runtime.entity.TesterinaFunction.lambda$runOnSchedule$0(TesterinaFunction.java:109)
	at org.ballerinalang.jvm.scheduling.SchedulerItem.execute(Scheduler.java:500)
	at org.ballerinalang.jvm.scheduling.Scheduler.run(Scheduler.java:276)
	at org.ballerinalang.jvm.scheduling.Scheduler.runSafely(Scheduler.java:244)
	at java.lang.Thread.run(Thread.java:748)
 
[2020-10-15 08:22:03,931] SEVERE {b7a.log.crash} - io.ballerinalang.compiler.internal.syntax.ExternalTreeNodeList cannot be cast to io.ballerinalang.compiler.syntax.tree.MetadataNode 
java.lang.ClassCastException: io.ballerinalang.compiler.internal.syntax.ExternalTreeNodeList cannot be cast to io.ballerinalang.compiler.syntax.tree.MetadataNode
	at java.util.Optional.map(Optional.java:215)
	at org.wso2.ballerinalang.compiler.parser.BLangNodeTransformer.getAnnotations(BLangNodeTransformer.java:480)
	at org.wso2.ballerinalang.compiler.parser.BLangNodeTransformer.transform(BLangNodeTransformer.java:549)
	at org.wso2.ballerinalang.compiler.parser.BLangNodeTransformer.transform(BLangNodeTransformer.java:435)
	at io.ballerinalang.compiler.syntax.tree.ModuleVariableDeclarationNode.apply(ModuleVariableDeclarationNode.java:67)
	at org.wso2.ballerinalang.compiler.parser.BLangNodeTransformer.transform(BLangNodeTransformer.java:530)
	at org.wso2.ballerinalang.compiler.parser.BLangNodeTransformer.transform(BLangNodeTransformer.java:435)
	at io.ballerinalang.compiler.syntax.tree.ModulePartNode.apply(ModulePartNode.java:54)
	at org.wso2.ballerinalang.compiler.parser.BLangNodeTransformer.accept(BLangNodeTransformer.java:460)
	at org.wso2.ballerinalang.compiler.parser.Parser.generateCompilationUnitNew(Parser.java:126)
	at org.wso2.ballerinalang.compiler.parser.Parser.parse(Parser.java:96)
	at org.wso2.ballerinalang.compiler.PackageLoader.parse(PackageLoader.java:487)
	at org.wso2.ballerinalang.compiler.PackageLoader.loadEntryPackage(PackageLoader.java:374)
	at org.wso2.ballerinalang.compiler.Compiler.compilePackages(Compiler.java:166)
	at org.wso2.ballerinalang.compiler.Compiler.compilePackage(Compiler.java:220)
	at org.wso2.ballerinalang.compiler.Compiler.compile(Compiler.java:101)
	at org.wso2.ballerinalang.compiler.Compiler.build(Compiler.java:109)
	at org.ballerinalang.packerina.task.CompileTask.execute(CompileTask.java:65)
	at org.ballerinalang.packerina.TaskExecutor.executeTasks(TaskExecutor.java:38)
	at org.ballerinalang.packerina.cmd.BuildCommand.execute(BuildCommand.java:436)
	at java.util.Optional.ifPresent(Optional.java:159)
	at org.ballerinalang.tool.Main.main(Main.java:57)
 
[2020-10-15 08:23:54,290] SEVERE {b7a.log.crash} - io.ballerinalang.compiler.internal.syntax.ExternalTreeNodeList cannot be cast to io.ballerinalang.compiler.syntax.tree.MetadataNode 
java.lang.ClassCastException: io.ballerinalang.compiler.internal.syntax.ExternalTreeNodeList cannot be cast to io.ballerinalang.compiler.syntax.tree.MetadataNode
	at java.util.Optional.map(Optional.java:215)
	at org.wso2.ballerinalang.compiler.parser.BLangNodeTransformer.getAnnotations(BLangNodeTransformer.java:480)
	at org.wso2.ballerinalang.compiler.parser.BLangNodeTransformer.transform(BLangNodeTransformer.java:549)
	at org.wso2.ballerinalang.compiler.parser.BLangNodeTransformer.transform(BLangNodeTransformer.java:435)
	at io.ballerinalang.compiler.syntax.tree.ModuleVariableDeclarationNode.apply(ModuleVariableDeclarationNode.java:67)
	at org.wso2.ballerinalang.compiler.parser.BLangNodeTransformer.transform(BLangNodeTransformer.java:530)
	at org.wso2.ballerinalang.compiler.parser.BLangNodeTransformer.transform(BLangNodeTransformer.java:435)
	at io.ballerinalang.compiler.syntax.tree.ModulePartNode.apply(ModulePartNode.java:54)
	at org.wso2.ballerinalang.compiler.parser.BLangNodeTransformer.accept(BLangNodeTransformer.java:460)
	at org.wso2.ballerinalang.compiler.parser.Parser.generateCompilationUnitNew(Parser.java:126)
	at org.wso2.ballerinalang.compiler.parser.Parser.parse(Parser.java:96)
	at org.wso2.ballerinalang.compiler.PackageLoader.parse(PackageLoader.java:487)
	at org.wso2.ballerinalang.compiler.PackageLoader.loadEntryPackage(PackageLoader.java:374)
	at org.wso2.ballerinalang.compiler.Compiler.compilePackages(Compiler.java:166)
	at org.wso2.ballerinalang.compiler.Compiler.compilePackage(Compiler.java:220)
	at org.wso2.ballerinalang.compiler.Compiler.compile(Compiler.java:101)
	at org.wso2.ballerinalang.compiler.Compiler.build(Compiler.java:109)
	at org.ballerinalang.packerina.task.CompileTask.execute(CompileTask.java:65)
	at org.ballerinalang.packerina.TaskExecutor.executeTasks(TaskExecutor.java:38)
	at org.ballerinalang.packerina.cmd.BuildCommand.execute(BuildCommand.java:436)
	at java.util.Optional.ifPresent(Optional.java:159)
	at org.ballerinalang.tool.Main.main(Main.java:57)
 
[2020-10-15 08:27:23,951] SEVERE {b7a.log.crash} - io.ballerinalang.compiler.internal.syntax.ExternalTreeNodeList cannot be cast to io.ballerinalang.compiler.syntax.tree.MetadataNode 
java.lang.ClassCastException: io.ballerinalang.compiler.internal.syntax.ExternalTreeNodeList cannot be cast to io.ballerinalang.compiler.syntax.tree.MetadataNode
	at java.util.Optional.map(Optional.java:215)
	at org.wso2.ballerinalang.compiler.parser.BLangNodeTransformer.getAnnotations(BLangNodeTransformer.java:480)
	at org.wso2.ballerinalang.compiler.parser.BLangNodeTransformer.transform(BLangNodeTransformer.java:549)
	at org.wso2.ballerinalang.compiler.parser.BLangNodeTransformer.transform(BLangNodeTransformer.java:435)
	at io.ballerinalang.compiler.syntax.tree.ModuleVariableDeclarationNode.apply(ModuleVariableDeclarationNode.java:67)
	at org.wso2.ballerinalang.compiler.parser.BLangNodeTransformer.transform(BLangNodeTransformer.java:530)
	at org.wso2.ballerinalang.compiler.parser.BLangNodeTransformer.transform(BLangNodeTransformer.java:435)
	at io.ballerinalang.compiler.syntax.tree.ModulePartNode.apply(ModulePartNode.java:54)
	at org.wso2.ballerinalang.compiler.parser.BLangNodeTransformer.accept(BLangNodeTransformer.java:460)
	at org.wso2.ballerinalang.compiler.parser.Parser.generateCompilationUnitNew(Parser.java:126)
	at org.wso2.ballerinalang.compiler.parser.Parser.parse(Parser.java:96)
	at org.wso2.ballerinalang.compiler.PackageLoader.parse(PackageLoader.java:487)
	at org.wso2.ballerinalang.compiler.PackageLoader.loadEntryPackage(PackageLoader.java:374)
	at org.wso2.ballerinalang.compiler.Compiler.compilePackages(Compiler.java:166)
	at org.wso2.ballerinalang.compiler.Compiler.compilePackage(Compiler.java:220)
	at org.wso2.ballerinalang.compiler.Compiler.compile(Compiler.java:101)
	at org.wso2.ballerinalang.compiler.Compiler.build(Compiler.java:109)
	at org.ballerinalang.packerina.task.CompileTask.execute(CompileTask.java:65)
	at org.ballerinalang.packerina.TaskExecutor.executeTasks(TaskExecutor.java:38)
	at org.ballerinalang.packerina.cmd.BuildCommand.execute(BuildCommand.java:436)
	at java.util.Optional.ifPresent(Optional.java:159)
	at org.ballerinalang.tool.Main.main(Main.java:57)
 
[2020-10-15 08:28:09,687] SEVERE {b7a.log.crash} - io.ballerinalang.compiler.internal.syntax.ExternalTreeNodeList cannot be cast to io.ballerinalang.compiler.syntax.tree.MetadataNode 
java.lang.ClassCastException: io.ballerinalang.compiler.internal.syntax.ExternalTreeNodeList cannot be cast to io.ballerinalang.compiler.syntax.tree.MetadataNode
	at java.util.Optional.map(Optional.java:215)
	at org.wso2.ballerinalang.compiler.parser.BLangNodeTransformer.getAnnotations(BLangNodeTransformer.java:480)
	at org.wso2.ballerinalang.compiler.parser.BLangNodeTransformer.transform(BLangNodeTransformer.java:549)
	at org.wso2.ballerinalang.compiler.parser.BLangNodeTransformer.transform(BLangNodeTransformer.java:435)
	at io.ballerinalang.compiler.syntax.tree.ModuleVariableDeclarationNode.apply(ModuleVariableDeclarationNode.java:67)
	at org.wso2.ballerinalang.compiler.parser.BLangNodeTransformer.transform(BLangNodeTransformer.java:530)
	at org.wso2.ballerinalang.compiler.parser.BLangNodeTransformer.transform(BLangNodeTransformer.java:435)
	at io.ballerinalang.compiler.syntax.tree.ModulePartNode.apply(ModulePartNode.java:54)
	at org.wso2.ballerinalang.compiler.parser.BLangNodeTransformer.accept(BLangNodeTransformer.java:460)
	at org.wso2.ballerinalang.compiler.parser.Parser.generateCompilationUnitNew(Parser.java:126)
	at org.wso2.ballerinalang.compiler.parser.Parser.parse(Parser.java:96)
	at org.wso2.ballerinalang.compiler.PackageLoader.parse(PackageLoader.java:487)
	at org.wso2.ballerinalang.compiler.PackageLoader.loadEntryPackage(PackageLoader.java:374)
	at org.wso2.ballerinalang.compiler.Compiler.compilePackages(Compiler.java:166)
	at org.wso2.ballerinalang.compiler.Compiler.compilePackage(Compiler.java:220)
	at org.wso2.ballerinalang.compiler.Compiler.compile(Compiler.java:101)
	at org.wso2.ballerinalang.compiler.Compiler.build(Compiler.java:109)
	at org.ballerinalang.packerina.task.CompileTask.execute(CompileTask.java:65)
	at org.ballerinalang.packerina.TaskExecutor.executeTasks(TaskExecutor.java:38)
	at org.ballerinalang.packerina.cmd.BuildCommand.execute(BuildCommand.java:436)
	at java.util.Optional.ifPresent(Optional.java:159)
	at org.ballerinalang.tool.Main.main(Main.java:57)
 
[2020-10-15 08:44:17,617] SEVERE {b7a.log.crash} - io.ballerinalang.compiler.internal.syntax.ExternalTreeNodeList cannot be cast to io.ballerinalang.compiler.syntax.tree.MetadataNode 
java.lang.ClassCastException: io.ballerinalang.compiler.internal.syntax.ExternalTreeNodeList cannot be cast to io.ballerinalang.compiler.syntax.tree.MetadataNode
	at java.util.Optional.map(Optional.java:215)
	at org.wso2.ballerinalang.compiler.parser.BLangNodeTransformer.getAnnotations(BLangNodeTransformer.java:480)
	at org.wso2.ballerinalang.compiler.parser.BLangNodeTransformer.transform(BLangNodeTransformer.java:549)
	at org.wso2.ballerinalang.compiler.parser.BLangNodeTransformer.transform(BLangNodeTransformer.java:435)
	at io.ballerinalang.compiler.syntax.tree.ModuleVariableDeclarationNode.apply(ModuleVariableDeclarationNode.java:67)
	at org.wso2.ballerinalang.compiler.parser.BLangNodeTransformer.transform(BLangNodeTransformer.java:530)
	at org.wso2.ballerinalang.compiler.parser.BLangNodeTransformer.transform(BLangNodeTransformer.java:435)
	at io.ballerinalang.compiler.syntax.tree.ModulePartNode.apply(ModulePartNode.java:54)
	at org.wso2.ballerinalang.compiler.parser.BLangNodeTransformer.accept(BLangNodeTransformer.java:460)
	at org.wso2.ballerinalang.compiler.parser.Parser.generateCompilationUnitNew(Parser.java:126)
	at org.wso2.ballerinalang.compiler.parser.Parser.parse(Parser.java:96)
	at org.wso2.ballerinalang.compiler.PackageLoader.parse(PackageLoader.java:487)
	at org.wso2.ballerinalang.compiler.PackageLoader.loadEntryPackage(PackageLoader.java:374)
	at org.wso2.ballerinalang.compiler.Compiler.compilePackages(Compiler.java:166)
	at org.wso2.ballerinalang.compiler.Compiler.compilePackage(Compiler.java:220)
	at org.wso2.ballerinalang.compiler.Compiler.compile(Compiler.java:101)
	at org.wso2.ballerinalang.compiler.Compiler.build(Compiler.java:109)
	at org.ballerinalang.packerina.task.CompileTask.execute(CompileTask.java:65)
	at org.ballerinalang.packerina.TaskExecutor.executeTasks(TaskExecutor.java:38)
	at org.ballerinalang.packerina.cmd.BuildCommand.execute(BuildCommand.java:436)
	at java.util.Optional.ifPresent(Optional.java:159)
	at org.ballerinalang.tool.Main.main(Main.java:57)
 
[2020-10-15 08:44:48,407] SEVERE {b7a.log.crash} - io.ballerinalang.compiler.internal.syntax.ExternalTreeNodeList cannot be cast to io.ballerinalang.compiler.syntax.tree.MetadataNode 
java.lang.ClassCastException: io.ballerinalang.compiler.internal.syntax.ExternalTreeNodeList cannot be cast to io.ballerinalang.compiler.syntax.tree.MetadataNode
	at java.util.Optional.map(Optional.java:215)
	at org.wso2.ballerinalang.compiler.parser.BLangNodeTransformer.getAnnotations(BLangNodeTransformer.java:480)
	at org.wso2.ballerinalang.compiler.parser.BLangNodeTransformer.transform(BLangNodeTransformer.java:549)
	at org.wso2.ballerinalang.compiler.parser.BLangNodeTransformer.transform(BLangNodeTransformer.java:435)
	at io.ballerinalang.compiler.syntax.tree.ModuleVariableDeclarationNode.apply(ModuleVariableDeclarationNode.java:67)
	at org.wso2.ballerinalang.compiler.parser.BLangNodeTransformer.transform(BLangNodeTransformer.java:530)
	at org.wso2.ballerinalang.compiler.parser.BLangNodeTransformer.transform(BLangNodeTransformer.java:435)
	at io.ballerinalang.compiler.syntax.tree.ModulePartNode.apply(ModulePartNode.java:54)
	at org.wso2.ballerinalang.compiler.parser.BLangNodeTransformer.accept(BLangNodeTransformer.java:460)
	at org.wso2.ballerinalang.compiler.parser.Parser.generateCompilationUnitNew(Parser.java:126)
	at org.wso2.ballerinalang.compiler.parser.Parser.parse(Parser.java:96)
	at org.wso2.ballerinalang.compiler.PackageLoader.parse(PackageLoader.java:487)
	at org.wso2.ballerinalang.compiler.PackageLoader.loadEntryPackage(PackageLoader.java:374)
	at org.wso2.ballerinalang.compiler.Compiler.compilePackages(Compiler.java:166)
	at org.wso2.ballerinalang.compiler.Compiler.compilePackage(Compiler.java:220)
	at org.wso2.ballerinalang.compiler.Compiler.compile(Compiler.java:101)
	at org.wso2.ballerinalang.compiler.Compiler.build(Compiler.java:109)
	at org.ballerinalang.packerina.task.CompileTask.execute(CompileTask.java:65)
	at org.ballerinalang.packerina.TaskExecutor.executeTasks(TaskExecutor.java:38)
	at org.ballerinalang.packerina.cmd.BuildCommand.execute(BuildCommand.java:436)
	at java.util.Optional.ifPresent(Optional.java:159)
	at org.ballerinalang.tool.Main.main(Main.java:57)
 
[2020-10-15 08:46:05,364] SEVERE {b7a.log.crash} - io.ballerinalang.compiler.internal.syntax.ExternalTreeNodeList cannot be cast to io.ballerinalang.compiler.syntax.tree.MetadataNode 
java.lang.ClassCastException: io.ballerinalang.compiler.internal.syntax.ExternalTreeNodeList cannot be cast to io.ballerinalang.compiler.syntax.tree.MetadataNode
	at java.util.Optional.map(Optional.java:215)
	at org.wso2.ballerinalang.compiler.parser.BLangNodeTransformer.getAnnotations(BLangNodeTransformer.java:480)
	at org.wso2.ballerinalang.compiler.parser.BLangNodeTransformer.transform(BLangNodeTransformer.java:549)
	at org.wso2.ballerinalang.compiler.parser.BLangNodeTransformer.transform(BLangNodeTransformer.java:435)
	at io.ballerinalang.compiler.syntax.tree.ModuleVariableDeclarationNode.apply(ModuleVariableDeclarationNode.java:67)
	at org.wso2.ballerinalang.compiler.parser.BLangNodeTransformer.transform(BLangNodeTransformer.java:530)
	at org.wso2.ballerinalang.compiler.parser.BLangNodeTransformer.transform(BLangNodeTransformer.java:435)
	at io.ballerinalang.compiler.syntax.tree.ModulePartNode.apply(ModulePartNode.java:54)
	at org.wso2.ballerinalang.compiler.parser.BLangNodeTransformer.accept(BLangNodeTransformer.java:460)
	at org.wso2.ballerinalang.compiler.parser.Parser.generateCompilationUnitNew(Parser.java:126)
	at org.wso2.ballerinalang.compiler.parser.Parser.parse(Parser.java:96)
	at org.wso2.ballerinalang.compiler.PackageLoader.parse(PackageLoader.java:487)
	at org.wso2.ballerinalang.compiler.PackageLoader.loadEntryPackage(PackageLoader.java:374)
	at org.wso2.ballerinalang.compiler.Compiler.compilePackages(Compiler.java:166)
	at org.wso2.ballerinalang.compiler.Compiler.compilePackage(Compiler.java:220)
	at org.wso2.ballerinalang.compiler.Compiler.compile(Compiler.java:101)
	at org.wso2.ballerinalang.compiler.Compiler.build(Compiler.java:109)
	at org.ballerinalang.packerina.task.CompileTask.execute(CompileTask.java:65)
	at org.ballerinalang.packerina.TaskExecutor.executeTasks(TaskExecutor.java:38)
	at org.ballerinalang.packerina.cmd.BuildCommand.execute(BuildCommand.java:436)
	at java.util.Optional.ifPresent(Optional.java:159)
	at org.ballerinalang.tool.Main.main(Main.java:57)
 
[2020-10-15 08:46:18,276] SEVERE {b7a.log.crash} - io.ballerinalang.compiler.internal.syntax.ExternalTreeNodeList cannot be cast to io.ballerinalang.compiler.syntax.tree.MetadataNode 
java.lang.ClassCastException: io.ballerinalang.compiler.internal.syntax.ExternalTreeNodeList cannot be cast to io.ballerinalang.compiler.syntax.tree.MetadataNode
	at java.util.Optional.map(Optional.java:215)
	at org.wso2.ballerinalang.compiler.parser.BLangNodeTransformer.getAnnotations(BLangNodeTransformer.java:480)
	at org.wso2.ballerinalang.compiler.parser.BLangNodeTransformer.transform(BLangNodeTransformer.java:549)
	at org.wso2.ballerinalang.compiler.parser.BLangNodeTransformer.transform(BLangNodeTransformer.java:435)
	at io.ballerinalang.compiler.syntax.tree.ModuleVariableDeclarationNode.apply(ModuleVariableDeclarationNode.java:67)
	at org.wso2.ballerinalang.compiler.parser.BLangNodeTransformer.transform(BLangNodeTransformer.java:530)
	at org.wso2.ballerinalang.compiler.parser.BLangNodeTransformer.transform(BLangNodeTransformer.java:435)
	at io.ballerinalang.compiler.syntax.tree.ModulePartNode.apply(ModulePartNode.java:54)
	at org.wso2.ballerinalang.compiler.parser.BLangNodeTransformer.accept(BLangNodeTransformer.java:460)
	at org.wso2.ballerinalang.compiler.parser.Parser.generateCompilationUnitNew(Parser.java:126)
	at org.wso2.ballerinalang.compiler.parser.Parser.parse(Parser.java:96)
	at org.wso2.ballerinalang.compiler.PackageLoader.parse(PackageLoader.java:487)
	at org.wso2.ballerinalang.compiler.PackageLoader.loadEntryPackage(PackageLoader.java:374)
	at org.wso2.ballerinalang.compiler.Compiler.compilePackages(Compiler.java:166)
	at org.wso2.ballerinalang.compiler.Compiler.compilePackage(Compiler.java:220)
	at org.wso2.ballerinalang.compiler.Compiler.compile(Compiler.java:101)
	at org.wso2.ballerinalang.compiler.Compiler.build(Compiler.java:109)
	at org.ballerinalang.packerina.task.CompileTask.execute(CompileTask.java:65)
	at org.ballerinalang.packerina.TaskExecutor.executeTasks(TaskExecutor.java:38)
	at org.ballerinalang.packerina.cmd.BuildCommand.execute(BuildCommand.java:436)
	at java.util.Optional.ifPresent(Optional.java:159)
	at org.ballerinalang.tool.Main.main(Main.java:57)
 
[2020-10-15 08:46:29,812] SEVERE {b7a.log.crash} - io.ballerinalang.compiler.internal.syntax.ExternalTreeNodeList cannot be cast to io.ballerinalang.compiler.syntax.tree.MetadataNode 
java.lang.ClassCastException: io.ballerinalang.compiler.internal.syntax.ExternalTreeNodeList cannot be cast to io.ballerinalang.compiler.syntax.tree.MetadataNode
	at java.util.Optional.map(Optional.java:215)
	at org.wso2.ballerinalang.compiler.parser.BLangNodeTransformer.getAnnotations(BLangNodeTransformer.java:480)
	at org.wso2.ballerinalang.compiler.parser.BLangNodeTransformer.transform(BLangNodeTransformer.java:549)
	at org.wso2.ballerinalang.compiler.parser.BLangNodeTransformer.transform(BLangNodeTransformer.java:435)
	at io.ballerinalang.compiler.syntax.tree.ModuleVariableDeclarationNode.apply(ModuleVariableDeclarationNode.java:67)
	at org.wso2.ballerinalang.compiler.parser.BLangNodeTransformer.transform(BLangNodeTransformer.java:530)
	at org.wso2.ballerinalang.compiler.parser.BLangNodeTransformer.transform(BLangNodeTransformer.java:435)
	at io.ballerinalang.compiler.syntax.tree.ModulePartNode.apply(ModulePartNode.java:54)
	at org.wso2.ballerinalang.compiler.parser.BLangNodeTransformer.accept(BLangNodeTransformer.java:460)
	at org.wso2.ballerinalang.compiler.parser.Parser.generateCompilationUnitNew(Parser.java:126)
	at org.wso2.ballerinalang.compiler.parser.Parser.parse(Parser.java:96)
	at org.wso2.ballerinalang.compiler.PackageLoader.parse(PackageLoader.java:487)
	at org.wso2.ballerinalang.compiler.PackageLoader.loadEntryPackage(PackageLoader.java:374)
	at org.wso2.ballerinalang.compiler.Compiler.compilePackages(Compiler.java:166)
	at org.wso2.ballerinalang.compiler.Compiler.compilePackage(Compiler.java:220)
	at org.wso2.ballerinalang.compiler.Compiler.compile(Compiler.java:101)
	at org.wso2.ballerinalang.compiler.Compiler.build(Compiler.java:109)
	at org.ballerinalang.packerina.task.CompileTask.execute(CompileTask.java:65)
	at org.ballerinalang.packerina.TaskExecutor.executeTasks(TaskExecutor.java:38)
	at org.ballerinalang.packerina.cmd.BuildCommand.execute(BuildCommand.java:436)
	at java.util.Optional.ifPresent(Optional.java:159)
	at org.ballerinalang.tool.Main.main(Main.java:57)
 
[2020-10-15 08:46:45,658] SEVERE {b7a.log.crash} - io.ballerinalang.compiler.internal.syntax.ExternalTreeNodeList cannot be cast to io.ballerinalang.compiler.syntax.tree.MetadataNode 
java.lang.ClassCastException: io.ballerinalang.compiler.internal.syntax.ExternalTreeNodeList cannot be cast to io.ballerinalang.compiler.syntax.tree.MetadataNode
	at java.util.Optional.map(Optional.java:215)
	at org.wso2.ballerinalang.compiler.parser.BLangNodeTransformer.getAnnotations(BLangNodeTransformer.java:480)
	at org.wso2.ballerinalang.compiler.parser.BLangNodeTransformer.transform(BLangNodeTransformer.java:549)
	at org.wso2.ballerinalang.compiler.parser.BLangNodeTransformer.transform(BLangNodeTransformer.java:435)
	at io.ballerinalang.compiler.syntax.tree.ModuleVariableDeclarationNode.apply(ModuleVariableDeclarationNode.java:67)
	at org.wso2.ballerinalang.compiler.parser.BLangNodeTransformer.transform(BLangNodeTransformer.java:530)
	at org.wso2.ballerinalang.compiler.parser.BLangNodeTransformer.transform(BLangNodeTransformer.java:435)
	at io.ballerinalang.compiler.syntax.tree.ModulePartNode.apply(ModulePartNode.java:54)
	at org.wso2.ballerinalang.compiler.parser.BLangNodeTransformer.accept(BLangNodeTransformer.java:460)
	at org.wso2.ballerinalang.compiler.parser.Parser.generateCompilationUnitNew(Parser.java:126)
	at org.wso2.ballerinalang.compiler.parser.Parser.parse(Parser.java:96)
	at org.wso2.ballerinalang.compiler.PackageLoader.parse(PackageLoader.java:487)
	at org.wso2.ballerinalang.compiler.PackageLoader.loadEntryPackage(PackageLoader.java:374)
	at org.wso2.ballerinalang.compiler.Compiler.compilePackages(Compiler.java:166)
	at org.wso2.ballerinalang.compiler.Compiler.compilePackage(Compiler.java:220)
	at org.wso2.ballerinalang.compiler.Compiler.compile(Compiler.java:101)
	at org.wso2.ballerinalang.compiler.Compiler.build(Compiler.java:109)
	at org.ballerinalang.packerina.task.CompileTask.execute(CompileTask.java:65)
	at org.ballerinalang.packerina.TaskExecutor.executeTasks(TaskExecutor.java:38)
	at org.ballerinalang.packerina.cmd.BuildCommand.execute(BuildCommand.java:436)
	at java.util.Optional.ifPresent(Optional.java:159)
	at org.ballerinalang.tool.Main.main(Main.java:57)
 
[2020-10-15 08:47:10,428] SEVERE {b7a.log.crash} - io.ballerinalang.compiler.internal.syntax.ExternalTreeNodeList cannot be cast to io.ballerinalang.compiler.syntax.tree.MetadataNode 
java.lang.ClassCastException: io.ballerinalang.compiler.internal.syntax.ExternalTreeNodeList cannot be cast to io.ballerinalang.compiler.syntax.tree.MetadataNode
	at java.util.Optional.map(Optional.java:215)
	at org.wso2.ballerinalang.compiler.parser.BLangNodeTransformer.getAnnotations(BLangNodeTransformer.java:480)
	at org.wso2.ballerinalang.compiler.parser.BLangNodeTransformer.transform(BLangNodeTransformer.java:549)
	at org.wso2.ballerinalang.compiler.parser.BLangNodeTransformer.transform(BLangNodeTransformer.java:435)
	at io.ballerinalang.compiler.syntax.tree.ModuleVariableDeclarationNode.apply(ModuleVariableDeclarationNode.java:67)
	at org.wso2.ballerinalang.compiler.parser.BLangNodeTransformer.transform(BLangNodeTransformer.java:530)
	at org.wso2.ballerinalang.compiler.parser.BLangNodeTransformer.transform(BLangNodeTransformer.java:435)
	at io.ballerinalang.compiler.syntax.tree.ModulePartNode.apply(ModulePartNode.java:54)
	at org.wso2.ballerinalang.compiler.parser.BLangNodeTransformer.accept(BLangNodeTransformer.java:460)
	at org.wso2.ballerinalang.compiler.parser.Parser.generateCompilationUnitNew(Parser.java:126)
	at org.wso2.ballerinalang.compiler.parser.Parser.parse(Parser.java:96)
	at org.wso2.ballerinalang.compiler.PackageLoader.parse(PackageLoader.java:487)
	at org.wso2.ballerinalang.compiler.PackageLoader.loadEntryPackage(PackageLoader.java:374)
	at org.wso2.ballerinalang.compiler.Compiler.compilePackages(Compiler.java:166)
	at org.wso2.ballerinalang.compiler.Compiler.compilePackage(Compiler.java:220)
	at org.wso2.ballerinalang.compiler.Compiler.compile(Compiler.java:101)
	at org.wso2.ballerinalang.compiler.Compiler.build(Compiler.java:109)
	at org.ballerinalang.packerina.task.CompileTask.execute(CompileTask.java:65)
	at org.ballerinalang.packerina.TaskExecutor.executeTasks(TaskExecutor.java:38)
	at org.ballerinalang.packerina.cmd.BuildCommand.execute(BuildCommand.java:436)
	at java.util.Optional.ifPresent(Optional.java:159)
	at org.ballerinalang.tool.Main.main(Main.java:57)
 
[2020-10-15 09:12:52,231] SEVERE {b7a.log.crash} - null 
java.lang.AssertionError
	at org.wso2.ballerinalang.compiler.tree.BLangNodeVisitor.visit(BLangNodeVisitor.java:777)
	at org.wso2.ballerinalang.compiler.tree.types.BLangFiniteTypeNode.accept(BLangFiniteTypeNode.java:59)
	at org.wso2.ballerinalang.compiler.desugar.Desugar.rewrite(Desugar.java:5586)
	at org.wso2.ballerinalang.compiler.desugar.Desugar.visit(Desugar.java:5299)
	at org.wso2.ballerinalang.compiler.tree.expressions.BLangTypeTestExpr.accept(BLangTypeTestExpr.java:65)
	at org.wso2.ballerinalang.compiler.desugar.Desugar.rewriteExpr(Desugar.java:5611)
	at org.wso2.ballerinalang.compiler.desugar.Desugar.visit(Desugar.java:4551)
	at org.wso2.ballerinalang.compiler.tree.expressions.BLangTypeConversionExpr.accept(BLangTypeConversionExpr.java:72)
	at org.wso2.ballerinalang.compiler.desugar.Desugar.rewriteExpr(Desugar.java:5611)
	at org.wso2.ballerinalang.compiler.desugar.Desugar.rewriteExprs(Desugar.java:5651)
	at org.wso2.ballerinalang.compiler.desugar.Desugar.rewriteInvocation(Desugar.java:3968)
	at org.wso2.ballerinalang.compiler.desugar.Desugar.visit(Desugar.java:3949)
	at org.wso2.ballerinalang.compiler.tree.expressions.BLangInvocation.accept(BLangInvocation.java:115)
	at org.wso2.ballerinalang.compiler.desugar.Desugar.rewriteExpr(Desugar.java:5611)
	at org.wso2.ballerinalang.compiler.desugar.Desugar.visit(Desugar.java:2818)
	at org.wso2.ballerinalang.compiler.tree.statements.BLangExpressionStmt.accept(BLangExpressionStmt.java:47)
	at org.wso2.ballerinalang.compiler.desugar.Desugar.rewrite(Desugar.java:5586)
	at org.wso2.ballerinalang.compiler.desugar.Desugar.rewrite(Desugar.java:5627)
	at org.wso2.ballerinalang.compiler.desugar.Desugar.rewriteStmt(Desugar.java:5637)
	at org.wso2.ballerinalang.compiler.desugar.Desugar.visit(Desugar.java:1215)
	at org.wso2.ballerinalang.compiler.tree.statements.BLangBlockStmt.accept(BLangBlockStmt.java:58)
	at org.wso2.ballerinalang.compiler.desugar.Desugar.rewrite(Desugar.java:5586)
	at org.wso2.ballerinalang.compiler.desugar.Desugar.rewrite(Desugar.java:5627)
	at org.wso2.ballerinalang.compiler.desugar.Desugar.visit(Desugar.java:2825)
	at org.wso2.ballerinalang.compiler.tree.statements.BLangIf.accept(BLangIf.java:56)
	at org.wso2.ballerinalang.compiler.desugar.Desugar.rewrite(Desugar.java:5586)
	at org.wso2.ballerinalang.compiler.desugar.Desugar.rewrite(Desugar.java:5627)
	at org.wso2.ballerinalang.compiler.desugar.Desugar.rewriteStmt(Desugar.java:5637)
	at org.wso2.ballerinalang.compiler.desugar.Desugar.visit(Desugar.java:1019)
	at org.wso2.ballerinalang.compiler.tree.BLangBlockFunctionBody.accept(BLangBlockFunctionBody.java:58)
	at org.wso2.ballerinalang.compiler.desugar.Desugar.rewrite(Desugar.java:5586)
	at org.wso2.ballerinalang.compiler.desugar.Desugar.visit(Desugar.java:1057)
	at org.wso2.ballerinalang.compiler.tree.BLangFunction.accept(BLangFunction.java:73)
	at org.wso2.ballerinalang.compiler.desugar.Desugar.rewrite(Desugar.java:5586)
	at org.wso2.ballerinalang.compiler.desugar.Desugar.rewrite(Desugar.java:5644)
	at org.wso2.ballerinalang.compiler.desugar.Desugar.visit(Desugar.java:731)
	at org.wso2.ballerinalang.compiler.tree.BLangPackage.accept(BLangPackage.java:158)
	at org.wso2.ballerinalang.compiler.desugar.Desugar.rewrite(Desugar.java:5586)
	at org.wso2.ballerinalang.compiler.desugar.Desugar.visit(Desugar.java:748)
	at org.wso2.ballerinalang.compiler.tree.BLangPackage.accept(BLangPackage.java:158)
	at org.wso2.ballerinalang.compiler.desugar.Desugar.rewrite(Desugar.java:5586)
	at org.wso2.ballerinalang.compiler.desugar.Desugar.perform(Desugar.java:396)
	at org.wso2.ballerinalang.compiler.CompilerDriver.desugar(CompilerDriver.java:361)
	at org.wso2.ballerinalang.compiler.CompilerDriver.compile(CompilerDriver.java:303)
	at org.wso2.ballerinalang.compiler.CompilerDriver.compilePackageSymbol(CompilerDriver.java:250)
	at org.wso2.ballerinalang.compiler.CompilerDriver.compilePackage(CompilerDriver.java:142)
	at org.wso2.ballerinalang.compiler.Compiler.compilePackages(Compiler.java:176)
	at org.wso2.ballerinalang.compiler.Compiler.compilePackage(Compiler.java:220)
	at org.wso2.ballerinalang.compiler.Compiler.compile(Compiler.java:101)
	at org.wso2.ballerinalang.compiler.Compiler.build(Compiler.java:109)
	at org.ballerinalang.packerina.task.CompileTask.execute(CompileTask.java:65)
	at org.ballerinalang.packerina.TaskExecutor.executeTasks(TaskExecutor.java:38)
	at org.ballerinalang.packerina.cmd.BuildCommand.execute(BuildCommand.java:436)
	at java.util.Optional.ifPresent(Optional.java:159)
	at org.ballerinalang.tool.Main.main(Main.java:57)
 
[2020-10-15 09:13:04,697] SEVERE {b7a.log.crash} - null 
java.lang.AssertionError
	at org.wso2.ballerinalang.compiler.tree.BLangNodeVisitor.visit(BLangNodeVisitor.java:777)
	at org.wso2.ballerinalang.compiler.tree.types.BLangFiniteTypeNode.accept(BLangFiniteTypeNode.java:59)
	at org.wso2.ballerinalang.compiler.desugar.Desugar.rewrite(Desugar.java:5586)
	at org.wso2.ballerinalang.compiler.desugar.Desugar.visit(Desugar.java:5299)
	at org.wso2.ballerinalang.compiler.tree.expressions.BLangTypeTestExpr.accept(BLangTypeTestExpr.java:65)
	at org.wso2.ballerinalang.compiler.desugar.Desugar.rewriteExpr(Desugar.java:5611)
	at org.wso2.ballerinalang.compiler.desugar.Desugar.visit(Desugar.java:4551)
	at org.wso2.ballerinalang.compiler.tree.expressions.BLangTypeConversionExpr.accept(BLangTypeConversionExpr.java:72)
	at org.wso2.ballerinalang.compiler.desugar.Desugar.rewriteExpr(Desugar.java:5611)
	at org.wso2.ballerinalang.compiler.desugar.Desugar.rewriteExprs(Desugar.java:5651)
	at org.wso2.ballerinalang.compiler.desugar.Desugar.rewriteInvocation(Desugar.java:3968)
	at org.wso2.ballerinalang.compiler.desugar.Desugar.visit(Desugar.java:3949)
	at org.wso2.ballerinalang.compiler.tree.expressions.BLangInvocation.accept(BLangInvocation.java:115)
	at org.wso2.ballerinalang.compiler.desugar.Desugar.rewriteExpr(Desugar.java:5611)
	at org.wso2.ballerinalang.compiler.desugar.Desugar.visit(Desugar.java:2818)
	at org.wso2.ballerinalang.compiler.tree.statements.BLangExpressionStmt.accept(BLangExpressionStmt.java:47)
	at org.wso2.ballerinalang.compiler.desugar.Desugar.rewrite(Desugar.java:5586)
	at org.wso2.ballerinalang.compiler.desugar.Desugar.rewrite(Desugar.java:5627)
	at org.wso2.ballerinalang.compiler.desugar.Desugar.rewriteStmt(Desugar.java:5637)
	at org.wso2.ballerinalang.compiler.desugar.Desugar.visit(Desugar.java:1215)
	at org.wso2.ballerinalang.compiler.tree.statements.BLangBlockStmt.accept(BLangBlockStmt.java:58)
	at org.wso2.ballerinalang.compiler.desugar.Desugar.rewrite(Desugar.java:5586)
	at org.wso2.ballerinalang.compiler.desugar.Desugar.rewrite(Desugar.java:5627)
	at org.wso2.ballerinalang.compiler.desugar.Desugar.visit(Desugar.java:2825)
	at org.wso2.ballerinalang.compiler.tree.statements.BLangIf.accept(BLangIf.java:56)
	at org.wso2.ballerinalang.compiler.desugar.Desugar.rewrite(Desugar.java:5586)
	at org.wso2.ballerinalang.compiler.desugar.Desugar.rewrite(Desugar.java:5627)
	at org.wso2.ballerinalang.compiler.desugar.Desugar.rewriteStmt(Desugar.java:5637)
	at org.wso2.ballerinalang.compiler.desugar.Desugar.visit(Desugar.java:1019)
	at org.wso2.ballerinalang.compiler.tree.BLangBlockFunctionBody.accept(BLangBlockFunctionBody.java:58)
	at org.wso2.ballerinalang.compiler.desugar.Desugar.rewrite(Desugar.java:5586)
	at org.wso2.ballerinalang.compiler.desugar.Desugar.visit(Desugar.java:1057)
	at org.wso2.ballerinalang.compiler.tree.BLangFunction.accept(BLangFunction.java:73)
	at org.wso2.ballerinalang.compiler.desugar.Desugar.rewrite(Desugar.java:5586)
	at org.wso2.ballerinalang.compiler.desugar.Desugar.rewrite(Desugar.java:5644)
	at org.wso2.ballerinalang.compiler.desugar.Desugar.visit(Desugar.java:731)
	at org.wso2.ballerinalang.compiler.tree.BLangPackage.accept(BLangPackage.java:158)
	at org.wso2.ballerinalang.compiler.desugar.Desugar.rewrite(Desugar.java:5586)
	at org.wso2.ballerinalang.compiler.desugar.Desugar.visit(Desugar.java:748)
	at org.wso2.ballerinalang.compiler.tree.BLangPackage.accept(BLangPackage.java:158)
	at org.wso2.ballerinalang.compiler.desugar.Desugar.rewrite(Desugar.java:5586)
	at org.wso2.ballerinalang.compiler.desugar.Desugar.perform(Desugar.java:396)
	at org.wso2.ballerinalang.compiler.CompilerDriver.desugar(CompilerDriver.java:361)
	at org.wso2.ballerinalang.compiler.CompilerDriver.compile(CompilerDriver.java:303)
	at org.wso2.ballerinalang.compiler.CompilerDriver.compilePackageSymbol(CompilerDriver.java:250)
	at org.wso2.ballerinalang.compiler.CompilerDriver.compilePackage(CompilerDriver.java:142)
	at org.wso2.ballerinalang.compiler.Compiler.compilePackages(Compiler.java:176)
	at org.wso2.ballerinalang.compiler.Compiler.compilePackage(Compiler.java:220)
	at org.wso2.ballerinalang.compiler.Compiler.compile(Compiler.java:101)
	at org.wso2.ballerinalang.compiler.Compiler.build(Compiler.java:109)
	at org.ballerinalang.packerina.task.CompileTask.execute(CompileTask.java:65)
	at org.ballerinalang.packerina.TaskExecutor.executeTasks(TaskExecutor.java:38)
	at org.ballerinalang.packerina.cmd.BuildCommand.execute(BuildCommand.java:436)
	at java.util.Optional.ifPresent(Optional.java:159)
	at org.ballerinalang.tool.Main.main(Main.java:57)
 
